# JRE version: OpenJDK Runtime Environment (8.0_121-b13) (build 1.8.0_121-8u121-b13-4-b13)
# Java VM: OpenJDK 64-Bit Server VM (25.121-b13 mixed mode linux-amd64 compressed oops)
Heap:
 PSYoungGen      total 220672K, used 186973K [0x00000000d6980000, 0x00000000e7e80000, 0x0000000100000000)
  eden space 211968K, 84% used [0x00000000d6980000,0x00000000e17cc5b0,0x00000000e3880000)
  from space 8704K, 97% used [0x00000000e7600000,0x00000000e7e4b028,0x00000000e7e80000)
  to   space 12288K, 0% used [0x00000000e6680000,0x00000000e6680000,0x00000000e7280000)
 ParOldGen       total 64512K, used 13492K [0x0000000083c00000, 0x0000000087b00000, 0x00000000d6980000)
  object space 64512K, 20% used [0x0000000083c00000,0x000000008492d348,0x0000000087b00000)
 Metaspace       used 31712K, capacity 32218K, committed 32384K, reserved 1077248K
  class space    used 4057K, capacity 4175K, committed 4224K, reserved 1048576K
GC Heap History (10 events):
Event: 0,857 GC heap before
{Heap before GC invocations=3 (full 0):
 PSYoungGen      total 70656K, used 70649K [0x00000000d6980000, 0x00000000db380000, 0x0000000100000000)
  eden space 65536K, 100% used [0x00000000d6980000,0x00000000da980000,0x00000000da980000)
  from space 5120K, 99% used [0x00000000dae80000,0x00000000db37e5a0,0x00000000db380000)
  to   space 5120K, 0% used [0x00000000da980000,0x00000000da980000,0x00000000dae80000)
 ParOldGen       total 86016K, used 2710K [0x0000000083c00000, 0x0000000089000000, 0x00000000d6980000)
  object space 86016K, 3% used [0x0000000083c00000,0x0000000083ea5a90,0x0000000089000000)
 Metaspace       used 15506K, capacity 15688K, committed 15872K, reserved 1062912K
  class space    used 1896K, capacity 1938K, committed 2048K, reserved 1048576K
Event: 0,877 GC heap after
Heap after GC invocations=3 (full 0):
 PSYoungGen      total 70656K, used 5108K [0x00000000d6980000, 0x00000000df380000, 0x0000000100000000)
  eden space 65536K, 0% used [0x00000000d6980000,0x00000000d6980000,0x00000000da980000)
  from space 5120K, 99% used [0x00000000da980000,0x00000000dae7d070,0x00000000dae80000)
  to   space 5120K, 0% used [0x00000000dee80000,0x00000000dee80000,0x00000000df380000)
 ParOldGen       total 86016K, used 8335K [0x0000000083c00000, 0x0000000089000000, 0x00000000d6980000)
  object space 86016K, 9% used [0x0000000083c00000,0x0000000084423c38,0x0000000089000000)
 Metaspace       used 15506K, capacity 15688K, committed 15872K, reserved 1062912K
  class space    used 1896K, capacity 1938K, committed 2048K, reserved 1048576K
}
Event: 1,093 GC heap before
{Heap before GC invocations=4 (full 0):
 PSYoungGen      total 70656K, used 70644K [0x00000000d6980000, 0x00000000df380000, 0x0000000100000000)
  eden space 65536K, 100% used [0x00000000d6980000,0x00000000da980000,0x00000000da980000)
  from space 5120K, 99% used [0x00000000da980000,0x00000000dae7d070,0x00000000dae80000)
  to   space 5120K, 0% used [0x00000000dee80000,0x00000000dee80000,0x00000000df380000)
 ParOldGen       total 86016K, used 8335K [0x0000000083c00000, 0x0000000089000000, 0x00000000d6980000)
  object space 86016K, 9% used [0x0000000083c00000,0x0000000084423c38,0x0000000089000000)
 Metaspace       used 17938K, capacity 18296K, committed 18560K, reserved 1064960K
  class space    used 2226K, capacity 2314K, committed 2432K, reserved 1048576K
Event: 1,112 GC heap after
Heap after GC invocations=4 (full 0):
 PSYoungGen      total 136192K, used 5088K [0x00000000d6980000, 0x00000000df380000, 0x0000000100000000)
  eden space 131072K, 0% used [0x00000000d6980000,0x00000000d6980000,0x00000000de980000)
  from space 5120K, 99% used [0x00000000dee80000,0x00000000df378020,0x00000000df380000)
  to   space 5120K, 0% used [0x00000000de980000,0x00000000de980000,0x00000000dee80000)
 ParOldGen       total 86016K, used 11675K [0x0000000083c00000, 0x0000000089000000, 0x00000000d6980000)
  object space 86016K, 13% used [0x0000000083c00000,0x0000000084766ee8,0x0000000089000000)
 Metaspace       used 17938K, capacity 18296K, committed 18560K, reserved 1064960K
  class space    used 2226K, capacity 2314K, committed 2432K, reserved 1048576K
}
Event: 1,460 GC heap before
{Heap before GC invocations=5 (full 0):
 PSYoungGen      total 136192K, used 76563K [0x00000000d6980000, 0x00000000df380000, 0x0000000100000000)
  eden space 131072K, 54% used [0x00000000d6980000,0x00000000daf4cf98,0x00000000de980000)
  from space 5120K, 99% used [0x00000000dee80000,0x00000000df378020,0x00000000df380000)
  to   space 5120K, 0% used [0x00000000de980000,0x00000000de980000,0x00000000dee80000)
 ParOldGen       total 86016K, used 11675K [0x0000000083c00000, 0x0000000089000000, 0x00000000d6980000)
  object space 86016K, 13% used [0x0000000083c00000,0x0000000084766ee8,0x0000000089000000)
 Metaspace       used 20751K, capacity 21050K, committed 21248K, reserved 1067008K
  class space    used 2623K, capacity 2709K, committed 2816K, reserved 1048576K
Event: 1,475 GC heap after
Heap after GC invocations=5 (full 0):
 PSYoungGen      total 136192K, used 5098K [0x00000000d6980000, 0x00000000e8280000, 0x0000000100000000)
  eden space 131072K, 0% used [0x00000000d6980000,0x00000000d6980000,0x00000000de980000)
  from space 5120K, 99% used [0x00000000de980000,0x00000000dee7ab60,0x00000000dee80000)
  to   space 12800K, 0% used [0x00000000e7600000,0x00000000e7600000,0x00000000e8280000)
 ParOldGen       total 86016K, used 15855K [0x0000000083c00000, 0x0000000089000000, 0x00000000d6980000)
  object space 86016K, 18% used [0x0000000083c00000,0x0000000084b7bc68,0x0000000089000000)
 Metaspace       used 20751K, capacity 21050K, committed 21248K, reserved 1067008K
  class space    used 2623K, capacity 2709K, committed 2816K, reserved 1048576K
}
Event: 1,475 GC heap before
{Heap before GC invocations=6 (full 1):
 PSYoungGen      total 136192K, used 5098K [0x00000000d6980000, 0x00000000e8280000, 0x0000000100000000)
  eden space 131072K, 0% used [0x00000000d6980000,0x00000000d6980000,0x00000000de980000)
  from space 5120K, 99% used [0x00000000de980000,0x00000000dee7ab60,0x00000000dee80000)
  to   space 12800K, 0% used [0x00000000e7600000,0x00000000e7600000,0x00000000e8280000)
 ParOldGen       total 86016K, used 15855K [0x0000000083c00000, 0x0000000089000000, 0x00000000d6980000)
  object space 86016K, 18% used [0x0000000083c00000,0x0000000084b7bc68,0x0000000089000000)
 Metaspace       used 20751K, capacity 21050K, committed 21248K, reserved 1067008K
  class space    used 2623K, capacity 2709K, committed 2816K, reserved 1048576K
Event: 1,513 GC heap after
Heap after GC invocations=6 (full 1):
 PSYoungGen      total 136192K, used 0K [0x00000000d6980000, 0x00000000e8280000, 0x0000000100000000)
  eden space 131072K, 0% used [0x00000000d6980000,0x00000000d6980000,0x00000000de980000)
  from space 5120K, 0% used [0x00000000de980000,0x00000000de980000,0x00000000dee80000)
  to   space 12800K, 0% used [0x00000000e7600000,0x00000000e7600000,0x00000000e8280000)
 ParOldGen       total 64512K, used 13484K [0x0000000083c00000, 0x0000000087b00000, 0x00000000d6980000)
  object space 64512K, 20% used [0x0000000083c00000,0x000000008492b348,0x0000000087b00000)
 Metaspace       used 20751K, capacity 21050K, committed 21248K, reserved 1067008K
  class space    used 2623K, capacity 2709K, committed 2816K, reserved 1048576K
}
Event: 2,121 GC heap before
{Heap before GC invocations=7 (full 1):
 PSYoungGen      total 136192K, used 131072K [0x00000000d6980000, 0x00000000e8280000, 0x0000000100000000)
  eden space 131072K, 100% used [0x00000000d6980000,0x00000000de980000,0x00000000de980000)
  from space 5120K, 0% used [0x00000000de980000,0x00000000de980000,0x00000000dee80000)
  to   space 12800K, 0% used [0x00000000e7600000,0x00000000e7600000,0x00000000e8280000)
 ParOldGen       total 64512K, used 13484K [0x0000000083c00000, 0x0000000087b00000, 0x00000000d6980000)
  object space 64512K, 20% used [0x0000000083c00000,0x000000008492b348,0x0000000087b00000)
 Metaspace       used 24474K, capacity 24854K, committed 25216K, reserved 1071104K
  class space    used 3091K, capacity 3199K, committed 3200K, reserved 1048576K
Event: 2,129 GC heap after
Heap after GC invocations=7 (full 1):
 PSYoungGen      total 220672K, used 8492K [0x00000000d6980000, 0x00000000e7e80000, 0x0000000100000000)
  eden space 211968K, 0% used [0x00000000d6980000,0x00000000d6980000,0x00000000e3880000)
  from space 8704K, 97% used [0x00000000e7600000,0x00000000e7e4b028,0x00000000e7e80000)
  to   space 12288K, 0% used [0x00000000e6680000,0x00000000e6680000,0x00000000e7280000)
 ParOldGen       total 64512K, used 13492K [0x0000000083c00000, 0x0000000087b00000, 0x00000000d6980000)
  object space 64512K, 20% used [0x0000000083c00000,0x000000008492d348,0x0000000087b00000)
 Metaspace       used 24474K, capacity 24854K, committed 25216K, reserved 1071104K
  class space    used 3091K, capacity 3199K, committed 3200K, reserved 1048576K
}

